/home/du2/22CS30065/miniconda3/envs/dv/lib/python3.10/site-packages/torch/cuda/__init__.py:628: UserWarning: Can't initialize NVML
  warnings.warn("Can't initialize NVML")
Using cache found in /home/du2/22CS30065/.cache/torch/hub/mhamilton723_FeatUp_main
/home/du2/22CS30065/miniconda3/envs/dv/lib/python3.10/site-packages/featup/featurizers/dinov2/layers/swiglu_ffn.py:51: UserWarning: xFormers is not available (SwiGLU)
  warnings.warn("xFormers is not available (SwiGLU)")
/home/du2/22CS30065/miniconda3/envs/dv/lib/python3.10/site-packages/featup/featurizers/dinov2/layers/attention.py:33: UserWarning: xFormers is not available (Attention)
  warnings.warn("xFormers is not available (Attention)")
/home/du2/22CS30065/miniconda3/envs/dv/lib/python3.10/site-packages/featup/featurizers/dinov2/layers/block.py:40: UserWarning: xFormers is not available (Block)
  warnings.warn("xFormers is not available (Block)")
Using cache found in /home/du2/22CS30065/.cache/torch/hub/facebookresearch_dinov2_main
/home/du2/22CS30065/.cache/torch/hub/facebookresearch_dinov2_main/dinov2/layers/swiglu_ffn.py:51: UserWarning: xFormers is not available (SwiGLU)
  warnings.warn("xFormers is not available (SwiGLU)")
/home/du2/22CS30065/.cache/torch/hub/facebookresearch_dinov2_main/dinov2/layers/attention.py:33: UserWarning: xFormers is not available (Attention)
  warnings.warn("xFormers is not available (Attention)")
/home/du2/22CS30065/.cache/torch/hub/facebookresearch_dinov2_main/dinov2/layers/block.py:40: UserWarning: xFormers is not available (Block)
  warnings.warn("xFormers is not available (Block)")
/home/du2/22CS30065/DV-Matcher/models/model.py:884: UserWarning: Creating a tensor from a list of numpy.ndarrays is extremely slow. Please consider converting the list to a single numpy.ndarray with numpy.array() before converting to a tensor. (Triggered internally at ../torch/csrc/utils/tensor_new.cpp:275.)
  img_norm = torch.tensor(img_norm).permute(0,3,1,2).to(device)
/home/du2/22CS30065/miniconda3/envs/dv/lib/python3.10/site-packages/torch/functional.py:507: UserWarning: torch.meshgrid: in an upcoming release, it will be required to pass the indexing argument. (Triggered internally at ../aten/src/ATen/native/TensorShape.cpp:3549.)
  return _VF.meshgrid(tensors, **kwargs)  # type: ignore[attr-defined]
Traceback (most recent call last):
  File "/home/du2/22CS30065/DV-Matcher/deform_faust.py", line 277, in <module>
    eval_net(cfg)
  File "/home/du2/22CS30065/DV-Matcher/deform_faust.py", line 237, in eval_net
    num_nodes_all1,dg_list1 = deformation_graph_node(verts1)
  File "/home/du2/22CS30065/DV-Matcher/deform_faust.py", line 52, in deformation_graph_node
    geod = compute_geodesic_distmat(verts1[i].cpu().numpy())
TypeError: compute_geodesic_distmat() missing 1 required positional argument: 'faces'
